<?xml version="1.0" encoding="UTF-8"?>
<testsuite name="com.calculator.CalculatorTest" tests="5" skipped="0" failures="0" errors="0" timestamp="2023-05-07T06:02:01" hostname="BISHAWJIT-PC" time="40.174">
  <properties/>
  <testcase name="addShouldSucceed" classname="com.calculator.CalculatorTest" time="8.764"/>
  <testcase name="divisionShouldSucceed" classname="com.calculator.CalculatorTest" time="7.414"/>
  <testcase name="modulusShouldSucceed" classname="com.calculator.CalculatorTest" time="7.856"/>
  <testcase name="multiplyShouldSucceed" classname="com.calculator.CalculatorTest" time="8.06"/>
  <testcase name="subtractShouldSucceed" classname="com.calculator.CalculatorTest" time="8.069"/>
  <system-out><![CDATA[]]></system-out>
  <system-err><![CDATA[ERROR StatusLogger Log4j2 could not find a logging implementation. Please add log4j-core to the classpath. Using SimpleLogger to log to the console...
]]></system-err>
</testsuite>
